<?xml version="1.0" encoding="UTF-8"?>
<coverage generated="1751009711225" clover="3.2.0">
  <project timestamp="1751009711226" name="All files">
    <metrics statements="64" coveredstatements="61" conditionals="38" coveredconditionals="35" methods="6" coveredmethods="6" elements="108" coveredelements="102" complexity="0" loc="64" ncloc="64" packages="3" files="7" classes="7"/>
    <package name="src">
      <metrics statements="5" coveredstatements="5" conditionals="0" coveredconditionals="0" methods="0" coveredmethods="0"/>
      <file name="app.js" path="/Users/lucie/dev/api-conversion/src/app.js">
        <metrics statements="5" coveredstatements="5" conditionals="0" coveredconditionals="0" methods="0" coveredmethods="0"/>
        <line num="6" count="5" type="stmt"/>
        <line num="8" count="5" type="stmt"/>
        <line num="10" count="5" type="stmt"/>
        <line num="11" count="5" type="stmt"/>
        <line num="12" count="5" type="stmt"/>
      </file>
    </package>
    <package name="src.routes">
      <metrics statements="40" coveredstatements="37" conditionals="24" coveredconditionals="21" methods="3" coveredmethods="3"/>
      <file name="convert.js" path="/Users/lucie/dev/api-conversion/src/routes/convert.js">
        <metrics statements="12" coveredstatements="11" conditionals="8" coveredconditionals="7" methods="1" coveredmethods="1"/>
        <line num="4" count="5" type="stmt"/>
        <line num="6" count="5" type="stmt"/>
        <line num="7" count="9" type="stmt"/>
        <line num="8" count="9" type="stmt"/>
        <line num="9" count="9" type="cond" truecount="6" falsecount="0"/>
        <line num="10" count="2" type="stmt"/>
        <line num="12" count="7" type="stmt"/>
        <line num="13" count="7" type="stmt"/>
        <line num="14" count="5" type="stmt"/>
        <line num="16" count="2" type="cond" truecount="1" falsecount="1"/>
        <line num="17" count="2" type="stmt"/>
        <line num="19" count="0" type="stmt"/>
      </file>
      <file name="remise.js" path="/Users/lucie/dev/api-conversion/src/routes/remise.js">
        <metrics statements="10" coveredstatements="10" conditionals="4" coveredconditionals="4" methods="1" coveredmethods="1"/>
        <line num="4" count="5" type="stmt"/>
        <line num="6" count="5" type="stmt"/>
        <line num="7" count="5" type="stmt"/>
        <line num="8" count="5" type="stmt"/>
        <line num="9" count="5" type="cond" truecount="4" falsecount="0"/>
        <line num="10" count="1" type="stmt"/>
        <line num="12" count="4" type="stmt"/>
        <line num="13" count="4" type="stmt"/>
        <line num="14" count="2" type="stmt"/>
        <line num="20" count="2" type="stmt"/>
      </file>
      <file name="tva.js" path="/Users/lucie/dev/api-conversion/src/routes/tva.js">
        <metrics statements="18" coveredstatements="16" conditionals="12" coveredconditionals="10" methods="1" coveredmethods="1"/>
        <line num="4" count="5" type="stmt"/>
        <line num="7" count="5" type="stmt"/>
        <line num="8" count="5" type="stmt"/>
        <line num="9" count="5" type="stmt"/>
        <line num="11" count="5" type="cond" truecount="4" falsecount="0"/>
        <line num="12" count="1" type="stmt"/>
        <line num="14" count="4" type="stmt"/>
        <line num="15" count="4" type="stmt"/>
        <line num="17" count="4" type="cond" truecount="1" falsecount="1"/>
        <line num="18" count="0" type="stmt"/>
        <line num="20" count="4" type="cond" truecount="1" falsecount="1"/>
        <line num="21" count="0" type="stmt"/>
        <line num="23" count="4" type="cond" truecount="2" falsecount="0"/>
        <line num="24" count="1" type="stmt"/>
        <line num="26" count="3" type="cond" truecount="2" falsecount="0"/>
        <line num="27" count="1" type="stmt"/>
        <line num="29" count="2" type="stmt"/>
        <line num="30" count="2" type="stmt"/>
      </file>
    </package>
    <package name="src.services">
      <metrics statements="19" coveredstatements="19" conditionals="14" coveredconditionals="14" methods="3" coveredmethods="3"/>
      <file name="conversionService.js" path="/Users/lucie/dev/api-conversion/src/services/conversionService.js">
        <metrics statements="8" coveredstatements="8" conditionals="6" coveredconditionals="6" methods="1" coveredmethods="1"/>
        <line num="2" count="12" type="stmt"/>
        <line num="8" count="12" type="cond" truecount="2" falsecount="0"/>
        <line num="9" count="1" type="stmt"/>
        <line num="12" count="11" type="cond" truecount="4" falsecount="0"/>
        <line num="13" count="3" type="stmt"/>
        <line num="16" count="8" type="stmt"/>
        <line num="17" count="8" type="stmt"/>
        <line num="18" count="8" type="stmt"/>
      </file>
      <file name="remiseService.js" path="/Users/lucie/dev/api-conversion/src/services/remiseService.js">
        <metrics statements="7" coveredstatements="7" conditionals="4" coveredconditionals="4" methods="1" coveredmethods="1"/>
        <line num="2" count="8" type="cond" truecount="2" falsecount="0"/>
        <line num="3" count="2" type="stmt"/>
        <line num="5" count="6" type="cond" truecount="2" falsecount="0"/>
        <line num="6" count="2" type="stmt"/>
        <line num="8" count="4" type="stmt"/>
        <line num="9" count="4" type="stmt"/>
        <line num="10" count="4" type="stmt"/>
      </file>
      <file name="tvaService.js" path="/Users/lucie/dev/api-conversion/src/services/tvaService.js">
        <metrics statements="4" coveredstatements="4" conditionals="4" coveredconditionals="4" methods="1" coveredmethods="1"/>
        <line num="2" count="6" type="cond" truecount="4" falsecount="0"/>
        <line num="3" count="2" type="stmt"/>
        <line num="5" count="4" type="stmt"/>
        <line num="6" count="4" type="stmt"/>
      </file>
    </package>
  </project>
</coverage>
