{"/Users/lucie/dev/api-conversion/src/app.js": {"path":"/Users/lucie/dev/api-conversion/src/app.js","statementMap":{"0":{"start":{"line":6,"column":12},"end":{"line":6,"column":21}},"1":{"start":{"line":8,"column":0},"end":{"line":8,"column":16}},"2":{"start":{"line":10,"column":0},"end":{"line":10,"column":35}},"3":{"start":{"line":11,"column":0},"end":{"line":11,"column":27}},"4":{"start":{"line":12,"column":0},"end":{"line":12,"column":33}}},"fnMap":{},"branchMap":{},"s":{"0":5,"1":5,"2":5,"3":5,"4":5},"f":{},"b":{},"inputSourceMap":null,"_coverageSchema":"1a1c01bbd47fc00a2c39e90264f33305004495a9","hash":"b9139366d0e5170f205127ed6788ac8c40e4310a"}
,"/Users/lucie/dev/api-conversion/src/routes/convert.js": {"path":"/Users/lucie/dev/api-conversion/src/routes/convert.js","statementMap":{"0":{"start":{"line":4,"column":15},"end":{"line":4,"column":23}},"1":{"start":{"line":6,"column":0},"end":{"line":22,"column":3}},"2":{"start":{"line":7,"column":33},"end":{"line":7,"column":42}},"3":{"start":{"line":8,"column":22},"end":{"line":8,"column":36}},"4":{"start":{"line":9,"column":4},"end":{"line":11,"column":5}},"5":{"start":{"line":10,"column":8},"end":{"line":10,"column":83}},"6":{"start":{"line":12,"column":4},"end":{"line":21,"column":5}},"7":{"start":{"line":13,"column":23},"end":{"line":13,"column":59}},"8":{"start":{"line":14,"column":8},"end":{"line":14,"column":25}},"9":{"start":{"line":16,"column":8},"end":{"line":20,"column":9}},"10":{"start":{"line":17,"column":12},"end":{"line":17,"column":73}},"11":{"start":{"line":19,"column":12},"end":{"line":19,"column":55}}},"fnMap":{"0":{"name":"(anonymous_0)","decl":{"start":{"line":6,"column":16},"end":{"line":6,"column":17}},"loc":{"start":{"line":6,"column":30},"end":{"line":22,"column":1}},"line":6}},"branchMap":{"0":{"loc":{"start":{"line":9,"column":4},"end":{"line":11,"column":5}},"type":"if","locations":[{"start":{"line":9,"column":4},"end":{"line":11,"column":5}},{"start":{},"end":{}}],"line":9},"1":{"loc":{"start":{"line":9,"column":8},"end":{"line":9,"column":57}},"type":"binary-expr","locations":[{"start":{"line":9,"column":8},"end":{"line":9,"column":13}},{"start":{"line":9,"column":17},"end":{"line":9,"column":20}},{"start":{"line":9,"column":24},"end":{"line":9,"column":40}},{"start":{"line":9,"column":44},"end":{"line":9,"column":57}}],"line":9},"2":{"loc":{"start":{"line":16,"column":8},"end":{"line":20,"column":9}},"type":"if","locations":[{"start":{"line":16,"column":8},"end":{"line":20,"column":9}},{"start":{"line":18,"column":15},"end":{"line":20,"column":9}}],"line":16}},"s":{"0":5,"1":5,"2":9,"3":9,"4":9,"5":2,"6":7,"7":7,"8":5,"9":2,"10":2,"11":0},"f":{"0":9},"b":{"0":[2,7],"1":[9,9,9,9],"2":[2,0]},"inputSourceMap":null,"_coverageSchema":"1a1c01bbd47fc00a2c39e90264f33305004495a9","hash":"d0cc5c34fc54fefcf928d593f5246dea5732f057"}
,"/Users/lucie/dev/api-conversion/src/routes/remise.js": {"path":"/Users/lucie/dev/api-conversion/src/routes/remise.js","statementMap":{"0":{"start":{"line":4,"column":15},"end":{"line":4,"column":23}},"1":{"start":{"line":6,"column":0},"end":{"line":22,"column":3}},"2":{"start":{"line":7,"column":17},"end":{"line":7,"column":39}},"3":{"start":{"line":8,"column":24},"end":{"line":8,"column":53}},"4":{"start":{"line":9,"column":4},"end":{"line":11,"column":5}},"5":{"start":{"line":10,"column":8},"end":{"line":10,"column":64}},"6":{"start":{"line":12,"column":4},"end":{"line":21,"column":5}},"7":{"start":{"line":13,"column":26},"end":{"line":13,"column":64}},"8":{"start":{"line":14,"column":8},"end":{"line":18,"column":11}},"9":{"start":{"line":20,"column":8},"end":{"line":20,"column":51}}},"fnMap":{"0":{"name":"(anonymous_0)","decl":{"start":{"line":6,"column":16},"end":{"line":6,"column":17}},"loc":{"start":{"line":6,"column":30},"end":{"line":22,"column":1}},"line":6}},"branchMap":{"0":{"loc":{"start":{"line":9,"column":4},"end":{"line":11,"column":5}},"type":"if","locations":[{"start":{"line":9,"column":4},"end":{"line":11,"column":5}},{"start":{},"end":{}}],"line":9},"1":{"loc":{"start":{"line":9,"column":8},"end":{"line":9,"column":41}},"type":"binary-expr","locations":[{"start":{"line":9,"column":8},"end":{"line":9,"column":19}},{"start":{"line":9,"column":23},"end":{"line":9,"column":41}}],"line":9}},"s":{"0":5,"1":5,"2":5,"3":5,"4":5,"5":1,"6":4,"7":4,"8":2,"9":2},"f":{"0":5},"b":{"0":[1,4],"1":[5,4]},"inputSourceMap":null,"_coverageSchema":"1a1c01bbd47fc00a2c39e90264f33305004495a9","hash":"9e41c0dc222c19c89eec909c7f94b0a6741fca7a"}
,"/Users/lucie/dev/api-conversion/src/routes/tva.js": {"path":"/Users/lucie/dev/api-conversion/src/routes/tva.js","statementMap":{"0":{"start":{"line":4,"column":15},"end":{"line":4,"column":23}},"1":{"start":{"line":7,"column":0},"end":{"line":31,"column":3}},"2":{"start":{"line":8,"column":15},"end":{"line":8,"column":27}},"3":{"start":{"line":9,"column":17},"end":{"line":9,"column":31}},"4":{"start":{"line":11,"column":4},"end":{"line":13,"column":5}},"5":{"start":{"line":12,"column":8},"end":{"line":12,"column":92}},"6":{"start":{"line":14,"column":16},"end":{"line":14,"column":26}},"7":{"start":{"line":15,"column":18},"end":{"line":15,"column":30}},"8":{"start":{"line":17,"column":4},"end":{"line":19,"column":5}},"9":{"start":{"line":18,"column":8},"end":{"line":18,"column":98}},"10":{"start":{"line":20,"column":4},"end":{"line":22,"column":5}},"11":{"start":{"line":21,"column":8},"end":{"line":21,"column":104}},"12":{"start":{"line":23,"column":4},"end":{"line":25,"column":5}},"13":{"start":{"line":24,"column":8},"end":{"line":24,"column":98}},"14":{"start":{"line":26,"column":4},"end":{"line":28,"column":5}},"15":{"start":{"line":27,"column":8},"end":{"line":27,"column":104}},"16":{"start":{"line":29,"column":19},"end":{"line":29,"column":43}},"17":{"start":{"line":30,"column":4},"end":{"line":30,"column":21}}},"fnMap":{"0":{"name":"(anonymous_0)","decl":{"start":{"line":7,"column":16},"end":{"line":7,"column":17}},"loc":{"start":{"line":7,"column":30},"end":{"line":31,"column":1}},"line":7}},"branchMap":{"0":{"loc":{"start":{"line":11,"column":4},"end":{"line":13,"column":5}},"type":"if","locations":[{"start":{"line":11,"column":4},"end":{"line":13,"column":5}},{"start":{},"end":{}}],"line":11},"1":{"loc":{"start":{"line":11,"column":8},"end":{"line":11,"column":46}},"type":"binary-expr","locations":[{"start":{"line":11,"column":8},"end":{"line":11,"column":24}},{"start":{"line":11,"column":28},"end":{"line":11,"column":46}}],"line":11},"2":{"loc":{"start":{"line":17,"column":4},"end":{"line":19,"column":5}},"type":"if","locations":[{"start":{"line":17,"column":4},"end":{"line":19,"column":5}},{"start":{},"end":{}}],"line":17},"3":{"loc":{"start":{"line":20,"column":4},"end":{"line":22,"column":5}},"type":"if","locations":[{"start":{"line":20,"column":4},"end":{"line":22,"column":5}},{"start":{},"end":{}}],"line":20},"4":{"loc":{"start":{"line":23,"column":4},"end":{"line":25,"column":5}},"type":"if","locations":[{"start":{"line":23,"column":4},"end":{"line":25,"column":5}},{"start":{},"end":{}}],"line":23},"5":{"loc":{"start":{"line":26,"column":4},"end":{"line":28,"column":5}},"type":"if","locations":[{"start":{"line":26,"column":4},"end":{"line":28,"column":5}},{"start":{},"end":{}}],"line":26}},"s":{"0":5,"1":5,"2":5,"3":5,"4":5,"5":1,"6":4,"7":4,"8":4,"9":0,"10":4,"11":0,"12":4,"13":1,"14":3,"15":1,"16":2,"17":2},"f":{"0":5},"b":{"0":[1,4],"1":[5,4],"2":[0,4],"3":[0,4],"4":[1,3],"5":[1,2]},"inputSourceMap":null,"_coverageSchema":"1a1c01bbd47fc00a2c39e90264f33305004495a9","hash":"878d387dbaed70d351a7410b144b76a05b2f5d4b"}
,"/Users/lucie/dev/api-conversion/src/services/conversionService.js": {"path":"/Users/lucie/dev/api-conversion/src/services/conversionService.js","statementMap":{"0":{"start":{"line":2,"column":28},"end":{"line":6,"column":5}},"1":{"start":{"line":8,"column":4},"end":{"line":10,"column":5}},"2":{"start":{"line":9,"column":8},"end":{"line":9,"column":60}},"3":{"start":{"line":12,"column":4},"end":{"line":14,"column":5}},"4":{"start":{"line":13,"column":8},"end":{"line":13,"column":56}},"5":{"start":{"line":16,"column":26},"end":{"line":16,"column":60}},"6":{"start":{"line":17,"column":4},"end":{"line":17,"column":62}},"7":{"start":{"line":18,"column":4},"end":{"line":23,"column":6}}},"fnMap":{"0":{"name":"convertCurrency","decl":{"start":{"line":1,"column":24},"end":{"line":1,"column":39}},"loc":{"start":{"line":1,"column":58},"end":{"line":24,"column":1}},"line":1}},"branchMap":{"0":{"loc":{"start":{"line":8,"column":4},"end":{"line":10,"column":5}},"type":"if","locations":[{"start":{"line":8,"column":4},"end":{"line":10,"column":5}},{"start":{},"end":{}}],"line":8},"1":{"loc":{"start":{"line":12,"column":4},"end":{"line":14,"column":5}},"type":"if","locations":[{"start":{"line":12,"column":4},"end":{"line":14,"column":5}},{"start":{},"end":{}}],"line":12},"2":{"loc":{"start":{"line":12,"column":8},"end":{"line":12,"column":60}},"type":"binary-expr","locations":[{"start":{"line":12,"column":8},"end":{"line":12,"column":30}},{"start":{"line":12,"column":34},"end":{"line":12,"column":60}}],"line":12}},"s":{"0":12,"1":12,"2":1,"3":11,"4":3,"5":8,"6":8,"7":8},"f":{"0":12},"b":{"0":[1,11],"1":[3,8],"2":[11,9]},"inputSourceMap":null,"_coverageSchema":"1a1c01bbd47fc00a2c39e90264f33305004495a9","hash":"dbefb272d27be50750d30e0e8522fb1b08a0e44f"}
,"/Users/lucie/dev/api-conversion/src/services/remiseService.js": {"path":"/Users/lucie/dev/api-conversion/src/services/remiseService.js","statementMap":{"0":{"start":{"line":2,"column":4},"end":{"line":4,"column":5}},"1":{"start":{"line":3,"column":8},"end":{"line":3,"column":67}},"2":{"start":{"line":5,"column":4},"end":{"line":7,"column":5}},"3":{"start":{"line":6,"column":8},"end":{"line":6,"column":81}},"4":{"start":{"line":8,"column":27},"end":{"line":8,"column":69}},"5":{"start":{"line":9,"column":23},"end":{"line":9,"column":53}},"6":{"start":{"line":10,"column":4},"end":{"line":10,"column":22}}},"fnMap":{"0":{"name":"calculateFinalPrice","decl":{"start":{"line":1,"column":24},"end":{"line":1,"column":43}},"loc":{"start":{"line":1,"column":79},"end":{"line":11,"column":1}},"line":1}},"branchMap":{"0":{"loc":{"start":{"line":2,"column":4},"end":{"line":4,"column":5}},"type":"if","locations":[{"start":{"line":2,"column":4},"end":{"line":4,"column":5}},{"start":{},"end":{}}],"line":2},"1":{"loc":{"start":{"line":5,"column":4},"end":{"line":7,"column":5}},"type":"if","locations":[{"start":{"line":5,"column":4},"end":{"line":7,"column":5}},{"start":{},"end":{}}],"line":5}},"s":{"0":8,"1":2,"2":6,"3":2,"4":4,"5":4,"6":4},"f":{"0":8},"b":{"0":[2,6],"1":[2,4]},"inputSourceMap":null,"_coverageSchema":"1a1c01bbd47fc00a2c39e90264f33305004495a9","hash":"93e7733b0461b8d3faa6f4e9aa5b59485c2d0f33"}
,"/Users/lucie/dev/api-conversion/src/services/tvaService.js": {"path":"/Users/lucie/dev/api-conversion/src/services/tvaService.js","statementMap":{"0":{"start":{"line":2,"column":4},"end":{"line":4,"column":5}},"1":{"start":{"line":3,"column":8},"end":{"line":3,"column":68}},"2":{"start":{"line":5,"column":16},"end":{"line":5,"column":37}},"3":{"start":{"line":6,"column":4},"end":{"line":10,"column":6}}},"fnMap":{"0":{"name":"calculateTTC","decl":{"start":{"line":1,"column":24},"end":{"line":1,"column":36}},"loc":{"start":{"line":1,"column":47},"end":{"line":11,"column":1}},"line":1}},"branchMap":{"0":{"loc":{"start":{"line":2,"column":4},"end":{"line":4,"column":5}},"type":"if","locations":[{"start":{"line":2,"column":4},"end":{"line":4,"column":5}},{"start":{},"end":{}}],"line":2},"1":{"loc":{"start":{"line":2,"column":8},"end":{"line":2,"column":26}},"type":"binary-expr","locations":[{"start":{"line":2,"column":8},"end":{"line":2,"column":14}},{"start":{"line":2,"column":18},"end":{"line":2,"column":26}}],"line":2}},"s":{"0":6,"1":2,"2":4,"3":4},"f":{"0":6},"b":{"0":[2,4],"1":[6,5]},"inputSourceMap":null,"_coverageSchema":"1a1c01bbd47fc00a2c39e90264f33305004495a9","hash":"80ad55e30f7fffbd66d323f044b65dd69903d381"}
}
