{"/Users/lucie/dev/api-conversion/src/services/conversionService.js": {"path":"/Users/lucie/dev/api-conversion/src/services/conversionService.js","statementMap":{"0":{"start":{"line":2,"column":28},"end":{"line":6,"column":5}},"1":{"start":{"line":8,"column":4},"end":{"line":10,"column":5}},"2":{"start":{"line":9,"column":8},"end":{"line":9,"column":64}},"3":{"start":{"line":12,"column":4},"end":{"line":14,"column":5}},"4":{"start":{"line":13,"column":8},"end":{"line":13,"column":56}},"5":{"start":{"line":16,"column":28},"end":{"line":16,"column":62}},"6":{"start":{"line":17,"column":4},"end":{"line":22,"column":6}}},"fnMap":{"0":{"name":"convertCurrency","decl":{"start":{"line":1,"column":24},"end":{"line":1,"column":39}},"loc":{"start":{"line":1,"column":58},"end":{"line":23,"column":1}},"line":1}},"branchMap":{"0":{"loc":{"start":{"line":8,"column":4},"end":{"line":10,"column":5}},"type":"if","locations":[{"start":{"line":8,"column":4},"end":{"line":10,"column":5}},{"start":{},"end":{}}],"line":8},"1":{"loc":{"start":{"line":12,"column":4},"end":{"line":14,"column":5}},"type":"if","locations":[{"start":{"line":12,"column":4},"end":{"line":14,"column":5}},{"start":{},"end":{}}],"line":12},"2":{"loc":{"start":{"line":12,"column":8},"end":{"line":12,"column":60}},"type":"binary-expr","locations":[{"start":{"line":12,"column":8},"end":{"line":12,"column":30}},{"start":{"line":12,"column":34},"end":{"line":12,"column":60}}],"line":12}},"s":{"0":5,"1":5,"2":1,"3":4,"4":1,"5":3,"6":3},"f":{"0":5},"b":{"0":[1,4],"1":[1,3],"2":[4,4]},"inputSourceMap":null,"_coverageSchema":"1a1c01bbd47fc00a2c39e90264f33305004495a9","hash":"ea314b3d2987eedba800ae6e7f6960075124551b"}
,"/Users/lucie/dev/api-conversion/src/services/remiseService.js": {"path":"/Users/lucie/dev/api-conversion/src/services/remiseService.js","statementMap":{"0":{"start":{"line":2,"column":4},"end":{"line":4,"column":5}},"1":{"start":{"line":3,"column":8},"end":{"line":3,"column":88}},"2":{"start":{"line":5,"column":27},"end":{"line":5,"column":69}},"3":{"start":{"line":6,"column":23},"end":{"line":6,"column":53}},"4":{"start":{"line":7,"column":4},"end":{"line":7,"column":22}}},"fnMap":{"0":{"name":"calculateFinalPrice","decl":{"start":{"line":1,"column":24},"end":{"line":1,"column":43}},"loc":{"start":{"line":1,"column":79},"end":{"line":8,"column":1}},"line":1}},"branchMap":{"0":{"loc":{"start":{"line":2,"column":4},"end":{"line":4,"column":5}},"type":"if","locations":[{"start":{"line":2,"column":4},"end":{"line":4,"column":5}},{"start":{},"end":{}}],"line":2},"1":{"loc":{"start":{"line":2,"column":8},"end":{"line":2,"column":51}},"type":"binary-expr","locations":[{"start":{"line":2,"column":8},"end":{"line":2,"column":25}},{"start":{"line":2,"column":29},"end":{"line":2,"column":51}}],"line":2}},"s":{"0":4,"1":2,"2":2,"3":2,"4":2},"f":{"0":4},"b":{"0":[2,2],"1":[4,3]},"inputSourceMap":null,"_coverageSchema":"1a1c01bbd47fc00a2c39e90264f33305004495a9","hash":"ca099af7f4d9db206a0e564340a36e89d069e96a"}
,"/Users/lucie/dev/api-conversion/src/services/tvaService.js": {"path":"/Users/lucie/dev/api-conversion/src/services/tvaService.js","statementMap":{"0":{"start":{"line":2,"column":4},"end":{"line":4,"column":5}},"1":{"start":{"line":3,"column":8},"end":{"line":3,"column":68}},"2":{"start":{"line":5,"column":16},"end":{"line":5,"column":37}},"3":{"start":{"line":6,"column":4},"end":{"line":10,"column":6}}},"fnMap":{"0":{"name":"calculateTTC","decl":{"start":{"line":1,"column":24},"end":{"line":1,"column":36}},"loc":{"start":{"line":1,"column":47},"end":{"line":11,"column":1}},"line":1}},"branchMap":{"0":{"loc":{"start":{"line":2,"column":4},"end":{"line":4,"column":5}},"type":"if","locations":[{"start":{"line":2,"column":4},"end":{"line":4,"column":5}},{"start":{},"end":{}}],"line":2},"1":{"loc":{"start":{"line":2,"column":8},"end":{"line":2,"column":26}},"type":"binary-expr","locations":[{"start":{"line":2,"column":8},"end":{"line":2,"column":14}},{"start":{"line":2,"column":18},"end":{"line":2,"column":26}}],"line":2}},"s":{"0":4,"1":2,"2":2,"3":2},"f":{"0":4},"b":{"0":[2,2],"1":[4,3]},"inputSourceMap":null,"_coverageSchema":"1a1c01bbd47fc00a2c39e90264f33305004495a9","hash":"80ad55e30f7fffbd66d323f044b65dd69903d381"}
}
