TN:
SF:src/app.js
FNF:0
FNH:0
DA:6,5
DA:8,5
DA:10,5
DA:11,5
DA:12,5
LF:5
LH:5
BRF:0
BRH:0
end_of_record
TN:
SF:src/routes/convert.js
FN:6,(anonymous_0)
FNF:1
FNH:1
FNDA:9,(anonymous_0)
DA:4,5
DA:6,5
DA:7,9
DA:8,9
DA:9,9
DA:10,2
DA:12,7
DA:13,7
DA:14,5
DA:16,2
DA:17,2
DA:19,0
LF:12
LH:11
BRDA:9,0,0,2
BRDA:9,0,1,7
BRDA:9,1,0,9
BRDA:9,1,1,9
BRDA:9,1,2,9
BRDA:9,1,3,9
BRDA:16,2,0,2
BRDA:16,2,1,0
BRF:8
BRH:7
end_of_record
TN:
SF:src/routes/remise.js
FN:6,(anonymous_0)
FNF:1
FNH:1
FNDA:5,(anonymous_0)
DA:4,5
DA:6,5
DA:7,5
DA:8,5
DA:9,5
DA:10,1
DA:12,4
DA:13,4
DA:14,2
DA:20,2
LF:10
LH:10
BRDA:9,0,0,1
BRDA:9,0,1,4
BRDA:9,1,0,5
BRDA:9,1,1,4
BRF:4
BRH:4
end_of_record
TN:
SF:src/routes/tva.js
FN:7,(anonymous_0)
FNF:1
FNH:1
FNDA:5,(anonymous_0)
DA:4,5
DA:7,5
DA:8,5
DA:9,5
DA:11,5
DA:12,1
DA:14,4
DA:15,4
DA:17,4
DA:18,0
DA:20,4
DA:21,0
DA:23,4
DA:24,1
DA:26,3
DA:27,1
DA:29,2
DA:30,2
LF:18
LH:16
BRDA:11,0,0,1
BRDA:11,0,1,4
BRDA:11,1,0,5
BRDA:11,1,1,4
BRDA:17,2,0,0
BRDA:17,2,1,4
BRDA:20,3,0,0
BRDA:20,3,1,4
BRDA:23,4,0,1
BRDA:23,4,1,3
BRDA:26,5,0,1
BRDA:26,5,1,2
BRF:12
BRH:10
end_of_record
TN:
SF:src/services/conversionService.js
FN:1,convertCurrency
FNF:1
FNH:1
FNDA:12,convertCurrency
DA:2,12
DA:8,12
DA:9,1
DA:12,11
DA:13,3
DA:16,8
DA:17,8
DA:18,8
LF:8
LH:8
BRDA:8,0,0,1
BRDA:8,0,1,11
BRDA:12,1,0,3
BRDA:12,1,1,8
BRDA:12,2,0,11
BRDA:12,2,1,9
BRF:6
BRH:6
end_of_record
TN:
SF:src/services/remiseService.js
FN:1,calculateFinalPrice
FNF:1
FNH:1
FNDA:8,calculateFinalPrice
DA:2,8
DA:3,2
DA:5,6
DA:6,2
DA:8,4
DA:9,4
DA:10,4
LF:7
LH:7
BRDA:2,0,0,2
BRDA:2,0,1,6
BRDA:5,1,0,2
BRDA:5,1,1,4
BRF:4
BRH:4
end_of_record
TN:
SF:src/services/tvaService.js
FN:1,calculateTTC
FNF:1
FNH:1
FNDA:6,calculateTTC
DA:2,6
DA:3,2
DA:5,4
DA:6,4
LF:4
LH:4
BRDA:2,0,0,2
BRDA:2,0,1,4
BRDA:2,1,0,6
BRDA:2,1,1,5
BRF:4
BRH:4
end_of_record
