TN:
SF:src/services/conversionService.js
FN:1,convertCurrency
FNF:1
FNH:1
FNDA:5,convertCurrency
DA:2,5
DA:8,5
DA:9,1
DA:12,4
DA:13,1
DA:16,3
DA:17,3
LF:7
LH:7
BRDA:8,0,0,1
BRDA:8,0,1,4
BRDA:12,1,0,1
BRDA:12,1,1,3
BRDA:12,2,0,4
BRDA:12,2,1,4
BRF:6
BRH:6
end_of_record
TN:
SF:src/services/remiseService.js
FN:1,calculateFinalPrice
FNF:1
FNH:1
FNDA:4,calculateFinalPrice
DA:2,4
DA:3,2
DA:5,2
DA:6,2
DA:7,2
LF:5
LH:5
BRDA:2,0,0,2
BRDA:2,0,1,2
BRDA:2,1,0,4
BRDA:2,1,1,3
BRF:4
BRH:4
end_of_record
TN:
SF:src/services/tvaService.js
FN:1,calculateTTC
FNF:1
FNH:1
FNDA:4,calculateTTC
DA:2,4
DA:3,2
DA:5,2
DA:6,2
LF:4
LH:4
BRDA:2,0,0,2
BRDA:2,0,1,2
BRDA:2,1,0,4
BRDA:2,1,1,3
BRF:4
BRH:4
end_of_record
